
ROM used:   128/32768 (0%)
            132/32768 (0%) including unused fragments

            0.1 Average locations per line
            9.8 Average locations per statement

RAM used:   5/2048 (0%) at main() level
            6/2048 (0%) worst case

Stack used: 0 worst case (0 in main + 0 for interrupts)
Stack size: 31

Lines Stmts  %   Files
----- ----- ---  -----
   51    13 100  Contador binario.c
  972     0   0  D:\Programas\PICC\Devices\18F45K50.h
----- -----
 1023    13 Total

Page ROM  %  RAM    Vol Diff  Functions:
---- --- --- ---    --- ----  ----------
0     40  16    1             @delay_ms1
0     12   5    0     37  1.1  SisInit
0     72  28    0    176  3.1  MAIN
 Inline         0    362  2.3  @cinit1

Program metrics:
    Functions               3
    Statements              13
    Comments                197
    Volume (V)              731
    Difficulty (D)          6.4
    Effort to implement (E) 4713
    Time to implement (T)   4 minutes
    Est Delivered Bugs (B)  0
    Cyclomatic Complexity   1
    Maintainability (MI)    118

 Segment     Used  Free
-----------  ----  ----
00000-01FFE     0  8192  
02000-02006     4  4  
02008-07FFE   124  24444  



